#
# A fatal error has been detected by the Java Runtime Environment:
#
#  SIGSEGV (0xb) at pc=0x0044ea72, pid=11646, tid=2394606448
#
# JRE version: 7.0_04-b20
# Java VM: Java HotSpot(TM) Server VM (23.0-b21 mixed mode linux-x86 )
# Problematic frame:
# C  [libopenal.so+0x1aa72]  alcCreateContext+0xd2
#
# Failed to write core dump. Core dumps have been disabled. To enable core dumping, try "ulimit -c unlimited" before starting Java again
#
# If you would like to submit a bug report, please visit:
#   http://bugreport.sun.com/bugreport/crash.jsp
# The crash happened outside the Java Virtual Machine in native code.
# See problematic frame for where to report the bug.
#

---------------  T H R E A D  ---------------

Current thread (0x08e88000):  JavaThread "Client" [_thread_in_native, id=11662, stack(0x8eb5c000,0x8ebad000)]

siginfo:si_signo=SIGSEGV: si_errno=0, si_code=2 (SEGV_ACCERR), si_addr=0x8e9ff004

Registers:
EAX=0x8e9ff004, EBX=0x0047fff4, ECX=0x000000ff, EDX=0x00000001
ESP=0x8ebab660, EBP=0x8e9feffc, ESI=0x8e9d6518, EDI=0x00000001
EIP=0x0044ea72, EFLAGS=0x00010293, CR2=0x8e9ff004

Top of Stack: (sp=0x8ebab660)
0x8ebab660:   00000000 90f2e0a8 00000000 90f2a588
0x8ebab670:   00000000 8ebab688 8ebab6b8 b4758584
0x8ebab680:   00000000 b475dc59 016d32c8 08e3dbb0
0x8ebab690:   00000004 00000000 8ebab698 00014cd7
0x8ebab6a0:   00000000 0000000d 08e887c8 8ebab7a4
0x8ebab6b0:   0117ca8e 000000ff 015bf446 8ebab6cc
0x8ebab6c0:   0175ac50 8ebab974 08e87a38 8ebab70c
0x8ebab6d0:   0136e671 00000004 0000ac44 8ebab7a4 

Instructions: (pc=0x0044ea72)
0x0044ea52:   8d b6 00 00 00 00 8b 55 00 81 fa 11 10 00 00 74
0x0044ea62:   3b 81 fa 03 00 02 00 75 07 8b 50 fc 89 54 24 74
0x0044ea72:   8b 10 89 c5 83 c0 08 85 d2 74 3a 81 fa 07 10 00
0x0044ea82:   00 75 d3 8b 50 fc 89 54 24 78 83 8e cc 00 00 00 

Register to memory mapping:

EAX=0x8e9ff004 is an unknown value
EBX=0x0047fff4: <offset 0x4bff4> in /home/steven/.openclassic/bin/libopenal.so at 0x00434000
ECX=0x000000ff is an unknown value
EDX=0x00000001 is an unknown value
ESP=0x8ebab660 is pointing into the stack for thread: 0x08e88000
EBP=0x8e9feffc is an unknown value
ESI=0x8e9d6518 is an unknown value
EDI=0x00000001 is an unknown value


Stack: [0x8eb5c000,0x8ebad000],  sp=0x8ebab660,  free space=317k
Native frames: (J=compiled Java code, j=interpreted, Vv=VM code, C=native code)
C  [libopenal.so+0x1aa72]  alcCreateContext+0xd2

Java frames: (J=compiled Java code, j=interpreted, Vv=VM code)
j  org.lwjgl.openal.ALC10.nalcCreateContext(JJ)J+0
j  org.lwjgl.openal.ALC10.alcCreateContext(Lorg/lwjgl/openal/ALCdevice;Ljava/nio/IntBuffer;)Lorg/lwjgl/openal/ALCcontext;+8
j  org.lwjgl.openal.AL.init(Ljava/lang/String;IIZZ)V+69
j  org.lwjgl.openal.AL.create(Ljava/lang/String;IIZZ)V+227
j  org.lwjgl.openal.AL.create(Ljava/lang/String;IIZ)V+5
j  org.lwjgl.openal.AL.create()V+6
j  paulscode.sound.libraries.LibraryLWJGLOpenAL.libraryCompatible()Z+8
v  ~StubRoutines::call_stub
j  sun.reflect.NativeMethodAccessorImpl.invoke0(Ljava/lang/reflect/Method;Ljava/lang/Object;[Ljava/lang/Object;)Ljava/lang/Object;+0
j  sun.reflect.NativeMethodAccessorImpl.invoke(Ljava/lang/Object;[Ljava/lang/Object;)Ljava/lang/Object;+87
j  sun.reflect.DelegatingMethodAccessorImpl.invoke(Ljava/lang/Object;[Ljava/lang/Object;)Ljava/lang/Object;+6
j  java.lang.reflect.Method.invoke(Ljava/lang/Object;[Ljava/lang/Object;)Ljava/lang/Object;+57
j  paulscode.sound.SoundSystemConfig.runMethod(Ljava/lang/Class;Ljava/lang/String;[Ljava/lang/Class;[Ljava/lang/Object;)Ljava/lang/Object;+163
j  paulscode.sound.SoundSystemConfig.libraryCompatible(Ljava/lang/Class;)Z+39
j  paulscode.sound.SoundSystem.libraryCompatible(Ljava/lang/Class;)Z+62
j  ch.spacebase.openclassic.client.sound.ClientAudioManager.<init>()V+38
j  ch.spacebase.openclassic.client.ClassicClient.start()V+98
j  ch.spacebase.openclassic.game.Main$2.run()V+7
v  ~StubRoutines::call_stub

---------------  P R O C E S S  ---------------

Java Threads: ( => current thread )
  0x8e9c9800 JavaThread "AWT-XAWT" daemon [_thread_in_native, id=11664, stack(0x8ea71000,0x8eac2000)]
  0x08ff1400 JavaThread "Java2D Disposer" daemon [_thread_blocked, id=11663, stack(0x8eac5000,0x8eb16000)]
  0x08d07000 JavaThread "DestroyJavaVM" [_thread_blocked, id=11651, stack(0xb775d000,0xb77ae000)]
=>0x08e88000 JavaThread "Client" [_thread_in_native, id=11662, stack(0x8eb5c000,0x8ebad000)]
  0x08e72800 JavaThread "Service Thread" daemon [_thread_blocked, id=11660, stack(0x8ec2e000,0x8ec7f000)]
  0x08e70c00 JavaThread "C2 CompilerThread1" daemon [_thread_blocked, id=11659, stack(0x8ec7f000,0x8ed00000)]
  0x08e6e800 JavaThread "C2 CompilerThread0" daemon [_thread_blocked, id=11658, stack(0x8ee1c000,0x8ee9d000)]
  0x08e6cc00 JavaThread "Signal Dispatcher" daemon [_thread_blocked, id=11657, stack(0x8ee9d000,0x8eeee000)]
  0x08e2f400 JavaThread "Finalizer" daemon [_thread_blocked, id=11656, stack(0x8f12f000,0x8f180000)]
  0x08e2d800 JavaThread "Reference Handler" daemon [_thread_blocked, id=11655, stack(0x8f180000,0x8f1d1000)]

Other Threads:
  0x08e28000 VMThread [stack: 0x8f1d1000,0x8f252000] [id=11654]
  0x08e74800 WatcherThread [stack: 0x8ebad000,0x8ec2e000] [id=11661]

VM state:not at safepoint (normal execution)

VM Mutex/Monitor currently owned by a thread: None

Heap
 PSYoungGen      total 9408K, used 2352K [0xa9e90000, 0xaa910000, 0xb4690000)
  eden space 8064K, 12% used [0xa9e90000,0xa9f8d150,0xaa670000)
  from space 1344K, 99% used [0xaa670000,0xaa7bef30,0xaa7c0000)
  to   space 1344K, 0% used [0xaa7c0000,0xaa7c0000,0xaa910000)
 ParOldGen       total 21504K, used 238K [0x94e90000, 0x96390000, 0xa9e90000)
  object space 21504K, 1% used [0x94e90000,0x94ecb840,0x96390000)
 PSPermGen       total 16384K, used 5504K [0x90e90000, 0x91e90000, 0x94e90000)
  object space 16384K, 33% used [0x90e90000,0x913f02c0,0x91e90000)

Code Cache  [0xb4755000, 0xb4995000, 0xb7755000)
 total_blobs=247 nmethods=42 adapters=157 free_code_cache=48735Kb largest_free_block=49892032

Compilation events (10 events):
Event: 0.560 Thread 0x08e70c00 nmethod 1% 0xb47b7148 code [0xb47b7280, 0xb47b78fc]
Event: 0.560 Thread 0x08e70c00   38             java.lang.String::getChars (66 bytes)
Event: 0.562 Thread 0x08e70c00 nmethod 38 0xb47b4088 code [0xb47b4180, 0xb47b42f0]
Event: 0.587 Thread 0x08e6e800 nmethod 29 0xb47baf48 code [0xb47bb0e0, 0xb47bcb9c]
Event: 0.609 Thread 0x08e70c00   39             java.util.ArrayList::rangeCheck (22 bytes)
Event: 0.610 Thread 0x08e70c00 nmethod 39 0xb47b5608 code [0xb47b5700, 0xb47b5750]
Event: 0.610 Thread 0x08e70c00   40             java.util.ArrayList::elementData (7 bytes)
Event: 0.610 Thread 0x08e70c00 nmethod 40 0xb47b5408 code [0xb47b5500, 0xb47b5570]
Event: 0.673 Thread 0x08e70c00   41             java.lang.AbstractStringBuilder::ensureCapacityInternal (16 bytes)
Event: 0.679 Thread 0x08e70c00 nmethod 41 0xb47b8048 code [0xb47b8140, 0xb47b83b0]

GC Heap History (2 events):
Event: 0.622 GC heap before
{Heap before GC invocations=1 (full 0):
 PSYoungGen      total 9408K, used 8064K [0xa9e90000, 0xaa910000, 0xb4690000)
  eden space 8064K, 100% used [0xa9e90000,0xaa670000,0xaa670000)
  from space 1344K, 0% used [0xaa7c0000,0xaa7c0000,0xaa910000)
  to   space 1344K, 0% used [0xaa670000,0xaa670000,0xaa7c0000)
 ParOldGen       total 21504K, used 0K [0x94e90000, 0x96390000, 0xa9e90000)
  object space 21504K, 0% used [0x94e90000,0x94e90000,0x96390000)
 PSPermGen       total 16384K, used 4647K [0x90e90000, 0x91e90000, 0x94e90000)
  object space 16384K, 28% used [0x90e90000,0x91319f50,0x91e90000)
Event: 0.627 GC heap after
Heap after GC invocations=1 (full 0):
 PSYoungGen      total 9408K, used 1339K [0xa9e90000, 0xaa910000, 0xb4690000)
  eden space 8064K, 0% used [0xa9e90000,0xa9e90000,0xaa670000)
  from space 1344K, 99% used [0xaa670000,0xaa7bef30,0xaa7c0000)
  to   space 1344K, 0% used [0xaa7c0000,0xaa7c0000,0xaa910000)
 ParOldGen       total 21504K, used 238K [0x94e90000, 0x96390000, 0xa9e90000)
  object space 21504K, 1% used [0x94e90000,0x94ecb840,0x96390000)
 PSPermGen       total 16384K, used 4647K [0x90e90000, 0x91e90000, 0x94e90000)
  object space 16384K, 28% used [0x90e90000,0x91319f50,0x91e90000)
}

Deoptimization events (1 events):
Event: 0.297 Thread 0x08e88000 Uncommon trap -12 fr.pc 0xb47a20dc

Internal exceptions (10 events):
Event: 0.690 Thread 0x08e88000 Threw 0xa9f338e8 at /HUDSON/workspace/jdk7u4-2-build-linux-i586-product/jdk7u4/hotspot/src/share/vm/prims/jvm.cpp:1166
Event: 0.692 Thread 0x08e88000 Threw 0xa9f3ad90 at /HUDSON/workspace/jdk7u4-2-build-linux-i586-product/jdk7u4/hotspot/src/share/vm/prims/jvm.cpp:1166
Event: 0.695 Thread 0x08e88000 Threw 0xa9f460e8 at /HUDSON/workspace/jdk7u4-2-build-linux-i586-product/jdk7u4/hotspot/src/share/vm/prims/jvm.cpp:1166
Event: 0.695 Thread 0x08e88000 Threw 0xa9f499f8 at /HUDSON/workspace/jdk7u4-2-build-linux-i586-product/jdk7u4/hotspot/src/share/vm/prims/jvm.cpp:1166
Event: 0.697 Thread 0x08e88000 Threw 0xa9f50720 at /HUDSON/workspace/jdk7u4-2-build-linux-i586-product/jdk7u4/hotspot/src/share/vm/prims/jvm.cpp:1166
Event: 0.697 Thread 0x08e88000 Threw 0xa9f53ef8 at /HUDSON/workspace/jdk7u4-2-build-linux-i586-product/jdk7u4/hotspot/src/share/vm/prims/jvm.cpp:1166
Event: 0.713 Thread 0x08e88000 Threw 0xa9f58f10 at /HUDSON/workspace/jdk7u4-2-build-linux-i586-product/jdk7u4/hotspot/src/share/vm/prims/jvm.cpp:1166
Event: 0.714 Thread 0x08e88000 Threw 0xa9f5d718 at /HUDSON/workspace/jdk7u4-2-build-linux-i586-product/jdk7u4/hotspot/src/share/vm/prims/jvm.cpp:1166
Event: 0.715 Thread 0x08e88000 Threw 0xa9f61bf8 at /HUDSON/workspace/jdk7u4-2-build-linux-i586-product/jdk7u4/hotspot/src/share/vm/prims/jvm.cpp:1166
Event: 0.715 Thread 0x08e88000 Threw 0xa9f65fc0 at /HUDSON/workspace/jdk7u4-2-build-linux-i586-product/jdk7u4/hotspot/src/share/vm/prims/jvm.cpp:1166

Events (10 events):
Event: 0.697 loading class 0x8e9d15c8
Event: 0.697 loading class 0x8e9d15c8 done
Event: 0.713 loading class 0x8e9cef78
Event: 0.713 loading class 0x8e9cef78 done
Event: 0.714 loading class 0x8edc0ef0
Event: 0.714 loading class 0x8edc0ef0 done
Event: 0.715 loading class 0x8e9cefa8
Event: 0.715 loading class 0x8e9cefa8 done
Event: 0.715 loading class 0x8e9ce258
Event: 0.715 loading class 0x8e9ce258 done


Dynamic libraries:
00110000-00138000 r-xp 00000000 08:06 272574     /lib/i386-linux-gnu/libm-2.13.so
00138000-00139000 r--p 00028000 08:06 272574     /lib/i386-linux-gnu/libm-2.13.so
00139000-0013a000 rw-p 00029000 08:06 272574     /lib/i386-linux-gnu/libm-2.13.so
0013a000-00141000 r-xp 00000000 08:06 272586     /lib/i386-linux-gnu/librt-2.13.so
00141000-00142000 r--p 00006000 08:06 272586     /lib/i386-linux-gnu/librt-2.13.so
00142000-00143000 rw-p 00007000 08:06 272586     /lib/i386-linux-gnu/librt-2.13.so
00143000-001c9000 r-xp 00000000 08:06 3679683    /usr/local/java/jdk1.7.0_04/jre/lib/i386/libawt.so
001c9000-001d0000 rw-p 00086000 08:06 3679683    /usr/local/java/jdk1.7.0_04/jre/lib/i386/libawt.so
001d0000-001f4000 rw-p 00000000 00:00 0 
001f4000-0023d000 r-xp 00000000 08:06 3679685    /usr/local/java/jdk1.7.0_04/jre/lib/i386/xawt/libmawt.so
0023d000-00240000 rw-p 00048000 08:06 3679685    /usr/local/java/jdk1.7.0_04/jre/lib/i386/xawt/libmawt.so
00240000-00249000 r-xp 00000000 08:06 3546690    /usr/lib/i386-linux-gnu/libXrender.so.1.3.0
00249000-0024a000 r--p 00008000 08:06 3546690    /usr/lib/i386-linux-gnu/libXrender.so.1.3.0
0024a000-0024b000 rw-p 00009000 08:06 3546690    /usr/lib/i386-linux-gnu/libXrender.so.1.3.0
0024b000-0024e000 r-xp 00000000 08:06 935233     /home/steven/.openclassic/bin/libjinput-linux.so
0024e000-0024f000 r--p 00002000 08:06 935233     /home/steven/.openclassic/bin/libjinput-linux.so
0024f000-00250000 rw-p 00003000 08:06 935233     /home/steven/.openclassic/bin/libjinput-linux.so
00251000-0025b000 r-xp 00000000 08:06 272581     /lib/i386-linux-gnu/libnss_nis-2.13.so
0025b000-0025c000 r--p 00009000 08:06 272581     /lib/i386-linux-gnu/libnss_nis-2.13.so
0025c000-0025d000 rw-p 0000a000 08:06 272581     /lib/i386-linux-gnu/libnss_nis-2.13.so
0025d000-0026e000 r-xp 00000000 08:06 3546666    /usr/lib/i386-linux-gnu/libXext.so.6.4.0
0026e000-0026f000 r--p 00010000 08:06 3546666    /usr/lib/i386-linux-gnu/libXext.so.6.4.0
0026f000-00270000 rw-p 00011000 08:06 3546666    /usr/lib/i386-linux-gnu/libXext.so.6.4.0
00270000-003a1000 r-xp 00000000 08:06 3546642    /usr/lib/i386-linux-gnu/libX11.so.6.3.0
003a1000-003a2000 ---p 00131000 08:06 3546642    /usr/lib/i386-linux-gnu/libX11.so.6.3.0
003a2000-003a3000 r--p 00131000 08:06 3546642    /usr/lib/i386-linux-gnu/libX11.so.6.3.0
003a3000-003a5000 rw-p 00132000 08:06 3546642    /usr/lib/i386-linux-gnu/libX11.so.6.3.0
003a5000-003a6000 rw-p 00000000 00:00 0 
003a6000-003b4000 r-xp 00000000 08:06 3546678    /usr/lib/i386-linux-gnu/libXi.so.6.1.0
003b4000-003b5000 r--p 0000d000 08:06 3546678    /usr/lib/i386-linux-gnu/libXi.so.6.1.0
003b5000-003b6000 rw-p 0000e000 08:06 3546678    /usr/lib/i386-linux-gnu/libXi.so.6.1.0
003b6000-003d3000 r-xp 00000000 08:06 3547057    /usr/lib/i386-linux-gnu/libxcb.so.1.1.0
003d3000-003d4000 r--p 0001c000 08:06 3547057    /usr/lib/i386-linux-gnu/libxcb.so.1.1.0
003d4000-003d5000 rw-p 0001d000 08:06 3547057    /usr/lib/i386-linux-gnu/libxcb.so.1.1.0
003d5000-00430000 r-xp 00000000 08:06 935235     /home/steven/.openclassic/bin/liblwjgl.so
00430000-00431000 r--p 0005a000 08:06 935235     /home/steven/.openclassic/bin/liblwjgl.so
00431000-00432000 rw-p 0005b000 08:06 935235     /home/steven/.openclassic/bin/liblwjgl.so
00432000-00433000 r-xp 00000000 08:06 3679721    /usr/local/java/jdk1.7.0_04/jre/lib/i386/libjawt.so
00433000-00434000 rw-p 00000000 08:06 3679721    /usr/local/java/jdk1.7.0_04/jre/lib/i386/libjawt.so
00434000-0047f000 r-xp 00000000 08:06 935238     /home/steven/.openclassic/bin/libopenal.so
0047f000-00480000 r--p 0004b000 08:06 935238     /home/steven/.openclassic/bin/libopenal.so
00480000-00481000 rw-p 0004c000 08:06 935238     /home/steven/.openclassic/bin/libopenal.so
00483000-004a1000 r-xp 00000000 08:06 263202     /lib/i386-linux-gnu/ld-2.13.so
004a1000-004a2000 r--p 0001d000 08:06 263202     /lib/i386-linux-gnu/ld-2.13.so
004a2000-004a3000 rw-p 0001e000 08:06 263202     /lib/i386-linux-gnu/ld-2.13.so
004a3000-004ef000 r-xp 00000000 08:06 3541343    /usr/lib/i386-linux-gnu/libpulse.so.0.13.4
004ef000-004f0000 r--p 0004b000 08:06 3541343    /usr/lib/i386-linux-gnu/libpulse.so.0.13.4
004f0000-004f1000 rw-p 0004c000 08:06 3541343    /usr/lib/i386-linux-gnu/libpulse.so.0.13.4
004f1000-00538000 r-xp 00000000 08:06 263085     /lib/i386-linux-gnu/libdbus-1.so.3.5.7
00538000-00539000 r--p 00046000 08:06 263085     /lib/i386-linux-gnu/libdbus-1.so.3.5.7
00539000-0053a000 rw-p 00047000 08:06 263085     /lib/i386-linux-gnu/libdbus-1.so.3.5.7
0053a000-00542000 r-xp 00000000 08:06 263156     /lib/i386-linux-gnu/libwrap.so.0.7.6
00542000-00543000 r--p 00007000 08:06 263156     /lib/i386-linux-gnu/libwrap.so.0.7.6
00543000-00544000 rw-p 00008000 08:06 263156     /lib/i386-linux-gnu/libwrap.so.0.7.6
00544000-00549000 r-xp 00000000 08:06 3546704    /usr/lib/i386-linux-gnu/libasyncns.so.0.3.1
00549000-0054a000 r--p 00004000 08:06 3546704    /usr/lib/i386-linux-gnu/libasyncns.so.0.3.1
0054a000-0054b000 rw-p 00005000 08:06 3546704    /usr/lib/i386-linux-gnu/libasyncns.so.0.3.1
0054b000-00597000 r-xp 00000000 08:06 3546587    /usr/lib/i386-linux-gnu/libFLAC.so.8.2.0
00597000-00598000 r--p 0004b000 08:06 3546587    /usr/lib/i386-linux-gnu/libFLAC.so.8.2.0
00598000-00599000 rw-p 0004c000 08:06 3546587    /usr/lib/i386-linux-gnu/libFLAC.so.8.2.0
005a3000-005ab000 r-xp 00000000 08:06 272577     /lib/i386-linux-gnu/libnss_compat-2.13.so
005ab000-005ac000 r--p 00007000 08:06 272577     /lib/i386-linux-gnu/libnss_compat-2.13.so
005ac000-005ad000 rw-p 00008000 08:06 272577     /lib/i386-linux-gnu/libnss_compat-2.13.so
005ad000-005d6000 r-xp 00000000 08:06 3541397    /usr/lib/i386-linux-gnu/libvorbis.so.0.4.5
005d6000-005d7000 r--p 00028000 08:06 3541397    /usr/lib/i386-linux-gnu/libvorbis.so.0.4.5
005d7000-005d8000 rw-p 00029000 08:06 3541397    /usr/lib/i386-linux-gnu/libvorbis.so.0.4.5
005e5000-005ea000 r-xp 00000000 08:06 3542994    /usr/lib/libXtst.so.6.1.0
005ea000-005eb000 r--p 00004000 08:06 3542994    /usr/lib/libXtst.so.6.1.0
005eb000-005ec000 rw-p 00005000 08:06 3542994    /usr/lib/libXtst.so.6.1.0
005ec000-005ff000 r-xp 00000000 08:06 272585     /lib/i386-linux-gnu/libresolv-2.13.so
005ff000-00600000 r--p 00012000 08:06 272585     /lib/i386-linux-gnu/libresolv-2.13.so
00600000-00601000 rw-p 00013000 08:06 272585     /lib/i386-linux-gnu/libresolv-2.13.so
00601000-00603000 rw-p 00000000 00:00 0 
00618000-0062c000 r-xp 00000000 08:06 3679717    /usr/local/java/jdk1.7.0_04/jre/lib/i386/libnet.so
0062c000-0062d000 rw-p 00014000 08:06 3679717    /usr/local/java/jdk1.7.0_04/jre/lib/i386/libnet.so
0065a000-00671000 r-xp 00000000 08:06 272584     /lib/i386-linux-gnu/libpthread-2.13.so
00671000-00672000 r--p 00016000 08:06 272584     /lib/i386-linux-gnu/libpthread-2.13.so
00672000-00673000 rw-p 00017000 08:06 272584     /lib/i386-linux-gnu/libpthread-2.13.so
00673000-00675000 rw-p 00000000 00:00 0 
00675000-006e0000 r-xp 00000000 08:06 3547001    /usr/lib/i386-linux-gnu/libsndfile.so.1.0.24
006e0000-006e1000 r--p 0006b000 08:06 3547001    /usr/lib/i386-linux-gnu/libsndfile.so.1.0.24
006e1000-006e2000 rw-p 0006c000 08:06 3547001    /usr/lib/i386-linux-gnu/libsndfile.so.1.0.24
006e2000-006e6000 rw-p 00000000 00:00 0 
00710000-00773000 r-xp 00000000 08:06 3541345    /usr/lib/i386-linux-gnu/libpulsecommon-1.0.so
00773000-00774000 r--p 00062000 08:06 3541345    /usr/lib/i386-linux-gnu/libpulsecommon-1.0.so
00774000-00775000 rw-p 00063000 08:06 3541345    /usr/lib/i386-linux-gnu/libpulsecommon-1.0.so
0078e000-0078f000 r-xp 00000000 00:00 0          [vdso]
0081a000-00823000 r-xp 00000000 08:06 3546654    /usr/lib/i386-linux-gnu/libXcursor.so.1.0.2
00823000-00824000 r--p 00008000 08:06 3546654    /usr/lib/i386-linux-gnu/libXcursor.so.1.0.2
00824000-00825000 rw-p 00009000 08:06 3546654    /usr/lib/i386-linux-gnu/libXcursor.so.1.0.2
0084f000-0085b000 r-xp 00000000 08:06 3679686    /usr/local/java/jdk1.7.0_04/jre/lib/i386/libverify.so
0085b000-0085c000 rw-p 0000c000 08:06 3679686    /usr/local/java/jdk1.7.0_04/jre/lib/i386/libverify.so
00873000-00877000 r-xp 00000000 08:06 3546670    /usr/lib/i386-linux-gnu/libXfixes.so.3.1.0
00877000-00878000 r--p 00003000 08:06 3546670    /usr/lib/i386-linux-gnu/libXfixes.so.3.1.0
00878000-00879000 rw-p 00004000 08:06 3546670    /usr/lib/i386-linux-gnu/libXfixes.so.3.1.0
0090f000-00912000 r-xp 00000000 08:06 272573     /lib/i386-linux-gnu/libdl-2.13.so
00912000-00913000 r--p 00002000 08:06 272573     /lib/i386-linux-gnu/libdl-2.13.so
00913000-00914000 rw-p 00003000 08:06 272573     /lib/i386-linux-gnu/libdl-2.13.so
00943000-00949000 r-xp 00000000 08:06 3546884    /usr/lib/i386-linux-gnu/libjson.so.0.0.1
00949000-0094a000 r--p 00005000 08:06 3546884    /usr/lib/i386-linux-gnu/libjson.so.0.0.1
0094a000-0094b000 rw-p 00006000 08:06 3546884    /usr/lib/i386-linux-gnu/libjson.so.0.0.1
0099d000-009a2000 r-xp 00000000 08:06 3546662    /usr/lib/i386-linux-gnu/libXdmcp.so.6.0.0
009a2000-009a3000 r--p 00004000 08:06 3546662    /usr/lib/i386-linux-gnu/libXdmcp.so.6.0.0
009a3000-009a4000 rw-p 00005000 08:06 3546662    /usr/lib/i386-linux-gnu/libXdmcp.so.6.0.0
00a44000-00a4b000 r-xp 00000000 08:06 3546686    /usr/lib/i386-linux-gnu/libXrandr.so.2.2.0
00a4b000-00a4c000 r--p 00006000 08:06 3546686    /usr/lib/i386-linux-gnu/libXrandr.so.2.2.0
00a4c000-00a4d000 rw-p 00007000 08:06 3546686    /usr/lib/i386-linux-gnu/libXrandr.so.2.2.0
00a7b000-00a92000 r-xp 00000000 08:06 3679734    /usr/local/java/jdk1.7.0_04/jre/lib/i386/libzip.so
00a92000-00a93000 rw-p 00017000 08:06 3679734    /usr/local/java/jdk1.7.0_04/jre/lib/i386/libzip.so
00aaf000-00ab1000 r-xp 00000000 08:06 3546646    /usr/lib/i386-linux-gnu/libXau.so.6.0.0
00ab1000-00ab2000 r--p 00001000 08:06 3546646    /usr/lib/i386-linux-gnu/libXau.so.6.0.0
00ab2000-00ab3000 rw-p 00002000 08:06 3546646    /usr/lib/i386-linux-gnu/libXau.so.6.0.0
00af3000-00b01000 r-xp 00000000 08:06 3679722    /usr/local/java/jdk1.7.0_04/jre/lib/i386/libnio.so
00b01000-00b02000 rw-p 0000e000 08:06 3679722    /usr/local/java/jdk1.7.0_04/jre/lib/i386/libnio.so
00c1e000-00c33000 r-xp 00000000 08:06 272576     /lib/i386-linux-gnu/libnsl-2.13.so
00c33000-00c34000 r--p 00015000 08:06 272576     /lib/i386-linux-gnu/libnsl-2.13.so
00c34000-00c35000 rw-p 00016000 08:06 272576     /lib/i386-linux-gnu/libnsl-2.13.so
00c35000-00c37000 rw-p 00000000 00:00 0 
00c3a000-00c5d000 r-xp 00000000 08:06 3679703    /usr/local/java/jdk1.7.0_04/jre/lib/i386/libjava.so
00c5d000-00c5e000 rw-p 00023000 08:06 3679703    /usr/local/java/jdk1.7.0_04/jre/lib/i386/libjava.so
00cc8000-00cdb000 r-xp 00000000 08:06 3679707    /usr/local/java/jdk1.7.0_04/jre/lib/i386/jli/libjli.so
00cdb000-00cdc000 rw-p 00012000 08:06 3679707    /usr/local/java/jdk1.7.0_04/jre/lib/i386/jli/libjli.so
00d0c000-00d17000 r-xp 00000000 08:06 272579     /lib/i386-linux-gnu/libnss_files-2.13.so
00d17000-00d18000 r--p 0000a000 08:06 272579     /lib/i386-linux-gnu/libnss_files-2.13.so
00d18000-00d19000 rw-p 0000b000 08:06 272579     /lib/i386-linux-gnu/libnss_files-2.13.so
00d60000-00d66000 r-xp 00000000 08:06 3546927    /usr/lib/i386-linux-gnu/libogg.so.0.7.1
00d66000-00d67000 r--p 00005000 08:06 3546927    /usr/lib/i386-linux-gnu/libogg.so.0.7.1
00d67000-00d68000 rw-p 00006000 08:06 3546927    /usr/lib/i386-linux-gnu/libogg.so.0.7.1
00deb000-00f63000 r-xp 00000000 08:06 272570     /lib/i386-linux-gnu/libc-2.13.so
00f63000-00f65000 r--p 00178000 08:06 272570     /lib/i386-linux-gnu/libc-2.13.so
00f65000-00f66000 rw-p 0017a000 08:06 272570     /lib/i386-linux-gnu/libc-2.13.so
00f66000-00f69000 rw-p 00000000 00:00 0 
00f69000-0171d000 r-xp 00000000 08:06 3679733    /usr/local/java/jdk1.7.0_04/jre/lib/i386/server/libjvm.so
0171d000-0176f000 rw-p 007b3000 08:06 3679733    /usr/local/java/jdk1.7.0_04/jre/lib/i386/server/libjvm.so
0176f000-01b91000 rw-p 00000000 00:00 0 
03bdf000-03d45000 r-xp 00000000 08:06 3541395    /usr/lib/i386-linux-gnu/libvorbisenc.so.2.0.8
03d45000-03d56000 r--p 00165000 08:06 3541395    /usr/lib/i386-linux-gnu/libvorbisenc.so.2.0.8
03d56000-03d57000 rw-p 00176000 08:06 3541395    /usr/lib/i386-linux-gnu/libvorbisenc.so.2.0.8
08048000-08049000 r-xp 00000000 08:06 3553307    /usr/local/java/jdk1.7.0_04/bin/java
08049000-0804a000 rw-p 00000000 08:06 3553307    /usr/local/java/jdk1.7.0_04/bin/java
08cff000-09148000 rw-p 00000000 00:00 0          [heap]
89eff000-8df00000 rw-s 00000000 00:12 272678     /run/shm/pulse-shm-533199792
8df00000-8df26000 rw-p 00000000 00:00 0 
8df26000-8e000000 ---p 00000000 00:00 0 
8e0ff000-8e100000 ---p 00000000 00:00 0 
8e100000-8e900000 rw-p 00000000 00:00 0 
8e900000-8e9ff000 rw-p 00000000 00:00 0 
8e9ff000-8ea00000 ---p 00000000 00:00 0 
8ea6a000-8ea71000 r--s 00000000 08:06 3680101    /usr/lib/i386-linux-gnu/gconv/gconv-modules.cache
8ea71000-8ea74000 ---p 00000000 00:00 0 
8ea74000-8eac2000 rw-p 00000000 00:00 0 
8eac2000-8eac5000 r--s 000f7000 08:06 3553331    /usr/local/java/jdk1.7.0_04/jre/lib/ext/localedata.jar
8eac5000-8eac8000 ---p 00000000 00:00 0 
8eac8000-8eb16000 rw-p 00000000 00:00 0 
8eb16000-8eb1b000 r--s 00088000 08:06 3553340    /usr/local/java/jdk1.7.0_04/jre/lib/jsse.jar
8eb1b000-8eb1c000 r--s 000a8000 08:06 2366227    /home/steven/Desktop/Minecraft/OpenClassic/lib/windows_natives.jar
8eb1c000-8eb2a000 r--s 000bd000 08:06 2103354    /home/steven/Desktop/Minecraft/OpenClassic/lib/TWL.jar
8eb2a000-8eb2b000 r--s 00023000 08:06 2102766    /home/steven/Desktop/Minecraft/OpenClassic/lib/SoundSystem.jar
8eb2b000-8eb3b000 r--s 000b4000 08:06 2097547    /home/steven/Desktop/Minecraft/OpenClassic/lib/netty-3.2.7.Final.jar
8eb3b000-8eb3f000 r--s 00028000 08:06 2098919    /home/steven/Desktop/Minecraft/OpenClassic/lib/lwjgl_util.jar
8eb3f000-8eb5c000 r--s 002fc000 08:06 2098516    /home/steven/Desktop/Minecraft/OpenClassic/lib/lwjgl-docs-2.8.4.zip
8eb5c000-8eb5f000 ---p 00000000 00:00 0 
8eb5f000-8ebad000 rw-p 00000000 00:00 0 
8ebad000-8ebae000 ---p 00000000 00:00 0 
8ebae000-8ec2e000 rw-p 00000000 00:00 0 
8ec2e000-8ec31000 ---p 00000000 00:00 0 
8ec31000-8ec7f000 rw-p 00000000 00:00 0 
8ec7f000-8ec82000 ---p 00000000 00:00 0 
8ec82000-8ed00000 rw-p 00000000 00:00 0 
8ed00000-8edfb000 rw-p 00000000 00:00 0 
8edfb000-8ee00000 ---p 00000000 00:00 0 
8ee00000-8ee0d000 r--s 000d9000 08:06 2366213    /home/steven/Desktop/Minecraft/OpenClassic/lib/lwjgl.jar
8ee0d000-8ee0f000 r--s 00089000 08:06 2366224    /home/steven/Desktop/Minecraft/OpenClassic/lib/linux_natives.jar
8ee0f000-8ee1c000 r--s 000d9000 08:06 1710977    /home/steven/Desktop/Minecraft/OpenClassicAPI/lib/lwjgl.jar
8ee1c000-8ee1f000 ---p 00000000 00:00 0 
8ee1f000-8ee9d000 rw-p 00000000 00:00 0 
8ee9d000-8eea0000 ---p 00000000 00:00 0 
8eea0000-8eeee000 rw-p 00000000 00:00 0 
8eeee000-8eeef000 r--p 0043a000 08:06 3547352    /usr/lib/locale/locale-archive
8eeef000-8ef2f000 r--p 002bd000 08:06 3547352    /usr/lib/locale/locale-archive
8ef2f000-8f12f000 r--p 00000000 08:06 3547352    /usr/lib/locale/locale-archive
8f12f000-8f132000 ---p 00000000 00:00 0 
8f132000-8f180000 rw-p 00000000 00:00 0 
8f180000-8f183000 ---p 00000000 00:00 0 
8f183000-8f1d1000 rw-p 00000000 00:00 0 
8f1d1000-8f1d2000 ---p 00000000 00:00 0 
8f1d2000-8f29d000 rw-p 00000000 00:00 0 
8f29d000-8f45d000 r--s 03a2e000 08:06 3553320    /usr/local/java/jdk1.7.0_04/jre/lib/rt.jar
8f45d000-90ba9000 rw-p 00000000 00:00 0 
90ba9000-90baa000 ---p 00000000 00:00 0 
90baa000-90c2a000 rw-p 00000000 00:00 0 
90c2a000-90c2b000 ---p 00000000 00:00 0 
90c2b000-90cb3000 rw-p 00000000 00:00 0 
90cb3000-90ccb000 rw-p 00000000 00:00 0 
90ccb000-90cd6000 rw-p 00000000 00:00 0 
90cd6000-90d73000 rw-p 00000000 00:00 0 
90d73000-90d7b000 rw-p 00000000 00:00 0 
90d7b000-90d93000 rw-p 00000000 00:00 0 
90d93000-90d9e000 rw-p 00000000 00:00 0 
90d9e000-90e3b000 rw-p 00000000 00:00 0 
90e3b000-90e41000 rw-p 00000000 00:00 0 
90e41000-90e8f000 rw-p 00000000 00:00 0 
90e8f000-91e90000 rw-p 00000000 00:00 0 
91e90000-94e90000 rw-p 00000000 00:00 0 
94e90000-96390000 rw-p 00000000 00:00 0 
96390000-a9e90000 rw-p 00000000 00:00 0 
a9e90000-aa910000 rw-p 00000000 00:00 0 
aa910000-b4690000 rw-p 00000000 00:00 0 
b4690000-b4691000 r--s 0007f000 08:06 2366226    /home/steven/Desktop/Minecraft/OpenClassic/lib/solaris_natives.jar
b4691000-b4692000 r--s 00008000 08:06 2102767    /home/steven/Desktop/Minecraft/OpenClassic/lib/LibraryLWJGLOpenAL.jar
b4692000-b4693000 r--s 0000a000 08:06 2102776    /home/steven/Desktop/Minecraft/OpenClassic/lib/LibraryJavaSound.jar
b4693000-b4695000 r--s 00015000 08:06 2097546    /home/steven/Desktop/Minecraft/OpenClassic/lib/jline-1.0.jar
b4695000-b469e000 rw-p 00000000 00:00 0 
b469e000-b4755000 rw-p 00000000 00:00 0 
b4755000-b4995000 rwxp 00000000 00:00 0 
b4995000-b7755000 rw-p 00000000 00:00 0 
b7755000-b775d000 rw-s 00000000 08:06 1720302    /tmp/hsperfdata_steven/11646
b775d000-b7760000 ---p 00000000 00:00 0 
b7760000-b77b0000 rw-p 00000000 00:00 0 
b77b0000-b77b1000 r--s 0005d000 08:06 2366225    /home/steven/Desktop/Minecraft/OpenClassic/lib/macosx_natives.jar
b77b1000-b77b3000 r--s 00014000 08:06 2103353    /home/steven/Desktop/Minecraft/OpenClassic/lib/jdeserialize-1.1.jar
b77b3000-b77b4000 r--s 00001000 08:06 2102787    /home/steven/Desktop/Minecraft/OpenClassic/lib/CodecWav.jar
b77b4000-b77b6000 r--s 0002a000 08:06 2102669    /home/steven/Desktop/Minecraft/OpenClassic/lib/CodecJOrbis.jar
b77b6000-b77b8000 r--s 0000d000 08:06 2097255    /home/steven/Desktop/Minecraft/OpenClassicAPI/lib/jlibnoise.jar
b77b8000-b77bc000 r--s 00028000 08:06 1710980    /home/steven/Desktop/Minecraft/OpenClassicAPI/lib/lwjgl_util.jar
b77bc000-b77bf000 r--s 00021000 08:06 1706173    /home/steven/Desktop/Minecraft/OpenClassicAPI/lib/bsh-core-2.0b4.jar
b77bf000-b77c6000 r--s 0003b000 08:06 1966617    /home/steven/Desktop/Minecraft/OpenClassicAPI/lib/snakeyaml-1.10.jar
b77c6000-b77c7000 rw-p 00000000 00:00 0 
b77c7000-b77c8000 r--p 00000000 00:00 0 
b77c8000-b77ca000 rw-p 00000000 00:00 0 
bfd26000-bfd47000 rw-p 00000000 00:00 0          [stack]

VM Arguments:
jvm_args: -Djava.library.path=/home/steven/Desktop/Minecraft/OpenClassic/lib/natives -Dfile.encoding=UTF-8 
java_command: ch.spacebase.openclassic.game.Main
Launcher Type: SUN_STANDARD

Environment Variables:
JAVA_HOME=/usr/local/java/jdk1.7.0_04
PATH=/usr/lib/lightdm/lightdm:/usr/local/sbin:/usr/local/bin:/usr/sbin:/usr/bin:/sbin:/bin:/usr/games:/home/steven/bin:/usr/local/java/jdk1.7.0_04/bin
USERNAME=steven
LD_LIBRARY_PATH=/usr/local/java/jdk1.7.0_04/jre/lib/i386
SHELL=/bin/bash
DISPLAY=:0

Signal Handlers:
SIGSEGV: [libjvm.so+0x71c1c0], sa_mask[0]=0x7ffbfeff, sa_flags=0x10000004
SIGBUS: [libjvm.so+0x71c1c0], sa_mask[0]=0x7ffbfeff, sa_flags=0x10000004
SIGFPE: [libjvm.so+0x5d5a90], sa_mask[0]=0x7ffbfeff, sa_flags=0x10000004
SIGPIPE: [libjvm.so+0x5d5a90], sa_mask[0]=0x7ffbfeff, sa_flags=0x10000004
SIGXFSZ: [libjvm.so+0x5d5a90], sa_mask[0]=0x7ffbfeff, sa_flags=0x10000004
SIGILL: [libjvm.so+0x5d5a90], sa_mask[0]=0x7ffbfeff, sa_flags=0x10000004
SIGUSR1: SIG_DFL, sa_mask[0]=0x00000000, sa_flags=0x00000000
SIGUSR2: [libjvm.so+0x5d5370], sa_mask[0]=0x00000004, sa_flags=0x10000004
SIGHUP: [libjvm.so+0x5d7960], sa_mask[0]=0x7ffbfeff, sa_flags=0x10000004
SIGINT: [libjvm.so+0x5d7960], sa_mask[0]=0x7ffbfeff, sa_flags=0x10000004
SIGTERM: [libjvm.so+0x5d7960], sa_mask[0]=0x7ffbfeff, sa_flags=0x10000004
SIGQUIT: [libjvm.so+0x5d7960], sa_mask[0]=0x7ffbfeff, sa_flags=0x10000004


---------------  S Y S T E M  ---------------

OS:wheezy/sid

uname:Linux 3.0.0-12-generic #20-Ubuntu SMP Fri Oct 7 14:50:42 UTC 2011 i686
libc:glibc 2.13 NPTL 2.13 
rlimit: STACK 8192k, CORE 0k, NPROC 15986, NOFILE 4096, AS infinity
load average:0.45 0.16 0.17

/proc/meminfo:
MemTotal:        2060324 kB
MemFree:          316516 kB
Buffers:           86204 kB
Cached:           559220 kB
SwapCached:        37884 kB
Active:           906184 kB
Inactive:         723352 kB
Active(anon):     656472 kB
Inactive(anon):   331440 kB
Active(file):     249712 kB
Inactive(file):   391912 kB
Unevictable:          48 kB
Mlocked:              48 kB
HighTotal:       1186132 kB
HighFree:          16888 kB
LowTotal:         874192 kB
LowFree:          299628 kB
SwapTotal:       3145724 kB
SwapFree:        3027540 kB
Dirty:               208 kB
Writeback:             0 kB
AnonPages:        961980 kB
Mapped:           130212 kB
Shmem:              3800 kB
Slab:              37424 kB
SReclaimable:      21640 kB
SUnreclaim:        15784 kB
KernelStack:        3664 kB
PageTables:        11388 kB
NFS_Unstable:          0 kB
Bounce:                0 kB
WritebackTmp:          0 kB
CommitLimit:     4175884 kB
Committed_AS:    3644620 kB
VmallocTotal:     122880 kB
VmallocUsed:       82696 kB
VmallocChunk:      31256 kB
HardwareCorrupted:     0 kB
AnonHugePages:         0 kB
HugePages_Total:       0
HugePages_Free:        0
HugePages_Rsvd:        0
HugePages_Surp:        0
Hugepagesize:       4096 kB
DirectMap4k:      819192 kB
DirectMap4M:       90112 kB


CPU:total 2 (2 cores per cpu, 1 threads per core) family 6 model 15 stepping 6, cmov, cx8, fxsr, mmx, sse, sse2, sse3, ssse3, tsc

/proc/cpuinfo:
processor	: 0
vendor_id	: GenuineIntel
cpu family	: 6
model		: 15
model name	: Intel(R) Core(TM)2 CPU          6300  @ 1.86GHz
stepping	: 6
cpu MHz		: 1861.872
cache size	: 2048 KB
physical id	: 0
siblings	: 2
core id		: 0
cpu cores	: 2
apicid		: 0
initial apicid	: 0
fdiv_bug	: no
hlt_bug		: no
f00f_bug	: no
coma_bug	: no
fpu		: yes
fpu_exception	: yes
cpuid level	: 10
wp		: yes
flags		: fpu vme de pse tsc msr pae mce cx8 apic mtrr pge mca cmov pat pse36 clflush dts acpi mmx fxsr sse sse2 ss ht tm pbe nx lm constant_tsc arch_perfmon pebs bts aperfmperf pni dtes64 monitor ds_cpl vmx est tm2 ssse3 cx16 xtpr pdcm lahf_lm dts tpr_shadow
bogomips	: 3723.74
clflush size	: 64
cache_alignment	: 64
address sizes	: 36 bits physical, 48 bits virtual
power management:

processor	: 1
vendor_id	: GenuineIntel
cpu family	: 6
model		: 15
model name	: Intel(R) Core(TM)2 CPU          6300  @ 1.86GHz
stepping	: 6
cpu MHz		: 1861.872
cache size	: 2048 KB
physical id	: 0
siblings	: 2
core id		: 1
cpu cores	: 2
apicid		: 1
initial apicid	: 1
fdiv_bug	: no
hlt_bug		: no
f00f_bug	: no
coma_bug	: no
fpu		: yes
fpu_exception	: yes
cpuid level	: 10
wp		: yes
flags		: fpu vme de pse tsc msr pae mce cx8 apic mtrr pge mca cmov pat pse36 clflush dts acpi mmx fxsr sse sse2 ss ht tm pbe nx lm constant_tsc arch_perfmon pebs bts aperfmperf pni dtes64 monitor ds_cpl vmx est tm2 ssse3 cx16 xtpr pdcm lahf_lm dts tpr_shadow
bogomips	: 3724.10
clflush size	: 64
cache_alignment	: 64
address sizes	: 36 bits physical, 48 bits virtual
power management:



Memory: 4k page, physical 2060324k(316516k free), swap 3145724k(3027540k free)

vm_info: Java HotSpot(TM) Server VM (23.0-b21) for linux-x86 JRE (1.7.0_04-b20), built on Apr 12 2012 02:22:23 by "java_re" with gcc 4.3.0 20080428 (Red Hat 4.3.0-8)

time: Mon Oct 22 19:46:20 2012
elapsed time: 0 seconds

